<?xml version="1.0" encoding="UTF-8"?>
<testng-results ignored="0" total="2" passed="2" failed="0" skipped="0">
  <reporter-output>
  </reporter-output>
  <suite started-at="2025-03-26T11:48:19 IST" name="Default suite" finished-at="2025-03-26T11:48:19 IST" duration-ms="225">
    <groups>
    </groups>
    <test started-at="2025-03-26T11:48:19 IST" name="Default test" finished-at="2025-03-26T11:48:19 IST" duration-ms="225">
      <class name="org.sample.testNGSample">
        <test-method is-config="true" signature="tc01()[pri:0, instance:org.sample.testNGSample@662ac478]" started-at="2025-03-26T11:48:19 IST" name="tc01" finished-at="2025-03-26T11:48:19 IST" duration-ms="48" status="PASS">
          <reporter-output>
          </reporter-output>
        </test-method> <!-- tc01 -->
        <test-method is-config="true" signature="tc02()[pri:0, instance:org.sample.testNGSample@662ac478]" started-at="2025-03-26T11:48:19 IST" name="tc02" finished-at="2025-03-26T11:48:19 IST" duration-ms="1" status="PASS">
          <reporter-output>
          </reporter-output>
        </test-method> <!-- tc02 -->
        <test-method signature="tc06()[pri:1, instance:org.sample.testNGSample@662ac478]" started-at="2025-03-26T11:48:19 IST" name="tc06" finished-at="2025-03-26T11:48:19 IST" duration-ms="23" status="PASS">
          <reporter-output>
          </reporter-output>
        </test-method> <!-- tc06 -->
        <test-method is-config="true" signature="tc05()[pri:0, instance:org.sample.testNGSample@662ac478]" started-at="2025-03-26T11:48:19 IST" name="tc05" finished-at="2025-03-26T11:48:19 IST" duration-ms="2" status="PASS">
          <reporter-output>
          </reporter-output>
        </test-method> <!-- tc05 -->
        <test-method is-config="true" signature="tc02()[pri:0, instance:org.sample.testNGSample@662ac478]" started-at="2025-03-26T11:48:19 IST" name="tc02" finished-at="2025-03-26T11:48:19 IST" duration-ms="1" status="PASS">
          <reporter-output>
          </reporter-output>
        </test-method> <!-- tc02 -->
        <test-method signature="tc03()[pri:2, instance:org.sample.testNGSample@662ac478]" started-at="2025-03-26T11:48:19 IST" name="tc03" finished-at="2025-03-26T11:48:19 IST" duration-ms="10" status="PASS">
          <reporter-output>
          </reporter-output>
        </test-method> <!-- tc03 -->
        <test-method is-config="true" signature="tc05()[pri:0, instance:org.sample.testNGSample@662ac478]" started-at="2025-03-26T11:48:19 IST" name="tc05" finished-at="2025-03-26T11:48:19 IST" duration-ms="5" status="PASS">
          <reporter-output>
          </reporter-output>
        </test-method> <!-- tc05 -->
        <test-method is-config="true" signature="tc04()[pri:0, instance:org.sample.testNGSample@662ac478]" started-at="2025-03-26T11:48:19 IST" name="tc04" finished-at="2025-03-26T11:48:19 IST" duration-ms="1" status="PASS">
          <reporter-output>
          </reporter-output>
        </test-method> <!-- tc04 -->
      </class> <!-- org.sample.testNGSample -->
    </test> <!-- Default test -->
  </suite> <!-- Default suite -->
</testng-results>
